app/build/outputs/logs/manifest-merger-debug-report.txt
-- Merging decision tree log ---
manifest
ADDED from src\main\AndroidManifest.xml:2:1-54:12
	package
		ADDED from src\main\AndroidManifest.xml:3:1-41
		INJECTED from src\main\AndroidManifest.xml
		INJECTED from src\main\AndroidManifest.xml
	android:versionName
		INJECTED from src\main\AndroidManifest.xml
		INJECTED from src\main\AndroidManifest.xml
	xmlns:android
		ADDED from src\main\AndroidManifest.xml:2:11-69
	android:versionCode
		INJECTED from src\main\AndroidManifest.xml
		INJECTED from src\main\AndroidManifest.xml
uses-permission#android.permission.VIBRATE
ADDED from src\main\AndroidManifest.xml:5:5-6:49
	android:name
		ADDED from src\main\AndroidManifest.xml:6:5-46
uses-permission#android.permission.RECEIVE_BOOT_COMPLETED
ADDED from src\main\AndroidManifest.xml:8:1-9:64
	android:name
		ADDED from src\main\AndroidManifest.xml:9:5-61
application
ADDED from src\main\AndroidManifest.xml:11:1-53:15
	android:label
		ADDED from src\main\AndroidManifest.xml:12:5-37
	android:icon
		ADDED from src\main\AndroidManifest.xml:13:5-41
activity#com.example.edowindows.alarmme.AlarmMe
ADDED from src\main\AndroidManifest.xml:15:5-23:16
	android:label
		ADDED from src\main\AndroidManifest.xml:17:9-41
	android:name
		ADDED from src\main\AndroidManifest.xml:16:9-32
intent-filter#android.intent.action.MAIN+android.intent.category.LAUNCHER
ADDED from src\main\AndroidManifest.xml:19:9-22:25
action#android.intent.action.MAIN
ADDED from src\main\AndroidManifest.xml:20:13-65
	android:name
		ADDED from src\main\AndroidManifest.xml:20:21-62
category#android.intent.category.LAUNCHER
ADDED from src\main\AndroidManifest.xml:21:13-73
	android:name
		ADDED from src\main\AndroidManifest.xml:21:23-70
activity#com.example.edowindows.alarmme.EditAlarm
ADDED from src\main\AndroidManifest.xml:25:5-27:38
	android:label
		ADDED from src\main\AndroidManifest.xml:27:9-35
	android:name
		ADDED from src\main\AndroidManifest.xml:26:9-34
activity#com.example.edowindows.alarmme.AlarmNotification
ADDED from src\main\AndroidManifest.xml:29:5-32:69
	android:label
		ADDED from src\main\AndroidManifest.xml:31:9-43
	android:theme
		ADDED from src\main\AndroidManifest.xml:32:9-67
	android:name
		ADDED from src\main\AndroidManifest.xml:30:9-42
activity#com.example.edowindows.alarmme.Preferences
ADDED from src\main\AndroidManifest.xml:34:5-36:39
	android:label
		ADDED from src\main\AndroidManifest.xml:36:9-36
	android:name
		ADDED from src\main\AndroidManifest.xml:35:9-36
activity#com.example.edowindows.alarmme.About
ADDED from src\main\AndroidManifest.xml:38:5-40:33
	android:label
		ADDED from src\main\AndroidManifest.xml:40:9-30
	android:name
		ADDED from src\main\AndroidManifest.xml:39:9-30
receiver#com.example.edowindows.alarmme.AlarmReceiver
ADDED from src\main\AndroidManifest.xml:42:5-44:37
	android:process
		ADDED from src\main\AndroidManifest.xml:44:9-34
	android:name
		ADDED from src\main\AndroidManifest.xml:43:9-38
receiver#com.example.edowindows.alarmme.BootCompletedReceiver
ADDED from src\main\AndroidManifest.xml:46:5-51:16
	android:name
		ADDED from src\main\AndroidManifest.xml:46:15-52
intent-filter#android.intent.action.BOOT_COMPLETED+android.intent.category.DEFAULT
ADDED from src\main\AndroidManifest.xml:47:9-50:25
action#android.intent.action.BOOT_COMPLETED
ADDED from src\main\AndroidManifest.xml:48:13-75
	android:name
		ADDED from src\main\AndroidManifest.xml:48:21-72
category#android.intent.category.DEFAULT
ADDED from src\main\AndroidManifest.xml:49:13-72
	android:name
		ADDED from src\main\AndroidManifest.xml:49:23-69
uses-sdk
INJECTED from src\main\AndroidManifest.xml reason: use-sdk injection requested
MERGED from [com.android.support:multidex:1.0.1] AndroidManifest.xml:18:5-42
	android:targetSdkVersion
		INJECTED from src\main\AndroidManifest.xml
		INJECTED from src\main\AndroidManifest.xml
	android:minSdkVersion
		INJECTED from src\main\AndroidManifest.xml
		INJECTED from src\main\AndroidManifest.xml